c:\users\greendor29\desktop\2_5377643214616396970\debug\cppclr_winformsprojekt1.pch
c:\users\greendor29\desktop\2_5377643214616396970\debug\vc142.pdb
c:\users\greendor29\desktop\2_5377643214616396970\debug\stdafx.obj
c:\users\greendor29\desktop\2_5377643214616396970\debug\form9.obj
c:\users\greendor29\desktop\2_5377643214616396970\debug\form8.obj
c:\users\greendor29\desktop\2_5377643214616396970\debug\form7.obj
c:\users\greendor29\desktop\2_5377643214616396970\debug\form6.obj
c:\users\greendor29\desktop\2_5377643214616396970\debug\form5.obj
c:\users\greendor29\desktop\2_5377643214616396970\debug\form4.obj
c:\users\greendor29\desktop\2_5377643214616396970\debug\form3.obj
c:\users\greendor29\desktop\2_5377643214616396970\debug\form2.obj
c:\users\greendor29\desktop\2_5377643214616396970\debug\form1.obj
c:\users\greendor29\desktop\2_5377643214616396970\debug\cppclr_winformsprojekt.obj
c:\users\greendor29\desktop\2_5377643214616396970\debug\assemblyinfo.obj
c:\users\greendor29\desktop\2_5377643214616396970\debug\.netframework,version=v4.5.2.assemblyattributes.obj
c:\users\greendor29\desktop\2_5377643214616396970\debug\.netframework,version=v4.5.2.assemblyattributes.asm
c:\users\greendor29\desktop\2_5377643214616396970\debug\cppclr_winformsprojekt1.form1.resources
c:\users\greendor29\desktop\2_5377643214616396970\debug\cppclr_winformsprojekt1.form2.resources
c:\users\greendor29\desktop\2_5377643214616396970\debug\cppclr_winformsprojekt1.form3.resources
c:\users\greendor29\desktop\2_5377643214616396970\debug\cppclr_winformsprojekt1.form4.resources
c:\users\greendor29\desktop\2_5377643214616396970\debug\cppclr_winformsprojekt1.form5.resources
c:\users\greendor29\desktop\2_5377643214616396970\debug\cppclr_winformsprojekt1.form6.resources
c:\users\greendor29\desktop\2_5377643214616396970\debug\cppclr_winformsprojekt1.form7.resources
c:\users\greendor29\desktop\2_5377643214616396970\debug\cppclr_winformsprojekt1.form8.resources
c:\users\greendor29\desktop\2_5377643214616396970\debug\cppclr_winformsprojekt1.form9.resources
c:\users\greendor29\desktop\2_5377643214616396970\debug\cppclr_winformsprojekt1.exe
c:\users\greendor29\desktop\2_5377643214616396970\debug\cppclr_winformsprojekt1.pdb
c:\users\greendor29\desktop\2_5377643214616396970\debug\app.res
c:\users\greendor29\desktop\2_5377643214616396970\debug\cppclr_winformsprojekt1.vcxproj.generateresource.cache
c:\users\greendor29\desktop\2_5377643214616396970\debug\cppclr_winformsprojekt1.vcxprojassemblyreference.cache
c:\users\greendor29\desktop\2_5377643214616396970\debug\cppclr_winformsprojekt1.vcxprojresolveassemblyreference.cache
c:\users\greendor29\desktop\2_5377643214616396970\debug\cppclr_winformsprojekt1.exe.metagen
c:\users\greendor29\desktop\2_5377643214616396970\debug\cppclr_w.18abe491.tlog\cl.command.1.tlog
c:\users\greendor29\desktop\2_5377643214616396970\debug\cppclr_w.18abe491.tlog\cl.read.1.tlog
c:\users\greendor29\desktop\2_5377643214616396970\debug\cppclr_w.18abe491.tlog\cl.write.1.tlog
c:\users\greendor29\desktop\2_5377643214616396970\debug\cppclr_w.18abe491.tlog\cppclr_winformsprojekt1.write.1u.tlog
c:\users\greendor29\desktop\2_5377643214616396970\debug\cppclr_w.18abe491.tlog\link.17960.delete.1.tlog
c:\users\greendor29\desktop\2_5377643214616396970\debug\cppclr_w.18abe491.tlog\link.20208.delete.1.tlog
c:\users\greendor29\desktop\2_5377643214616396970\debug\cppclr_w.18abe491.tlog\link.9460.delete.1.tlog
c:\users\greendor29\desktop\2_5377643214616396970\debug\cppclr_w.18abe491.tlog\link.command.1.tlog
c:\users\greendor29\desktop\2_5377643214616396970\debug\cppclr_w.18abe491.tlog\link.read.1.tlog
c:\users\greendor29\desktop\2_5377643214616396970\debug\cppclr_w.18abe491.tlog\link.write.1.tlog
c:\users\greendor29\desktop\2_5377643214616396970\debug\cppclr_w.18abe491.tlog\metagen.read.1.tlog
c:\users\greendor29\desktop\2_5377643214616396970\debug\cppclr_w.18abe491.tlog\metagen.write.1.tlog
c:\users\greendor29\desktop\2_5377643214616396970\debug\cppclr_w.18abe491.tlog\rc.command.1.tlog
c:\users\greendor29\desktop\2_5377643214616396970\debug\cppclr_w.18abe491.tlog\rc.read.1.tlog
c:\users\greendor29\desktop\2_5377643214616396970\debug\cppclr_w.18abe491.tlog\rc.write.1.tlog
